==30697== Memcheck, a memory error detector
==30697== Copyright (C) 2002-2022, and GNU GPL'd, by Julian Seward et al.
==30697== Using Valgrind-3.22.0 and LibVEX; rerun with -h for copyright info
==30697== Command: ./philo 5 800 200 200 7
==30697== Parent PID: 14920
==30697== 
==30697== 
==30697== FILE DESCRIPTORS: 4 open (3 std) at exit.
==30697== Open file descriptor 3: /mnt/c/Users/Akihi/OneDrive - keio.jp/42tokyo/philo/valgrind_leak.log
==30697==    <inherited from parent>
==30697== 
==30697== 
==30697== HEAP SUMMARY:
==30697==     in use at exit: 0 bytes in 0 blocks
==30697==   total heap usage: 8 allocs, 8 frees, 3,064 bytes allocated
==30697== 
==30697== All heap blocks were freed -- no leaks are possible
==30697== 
==30697== For lists of detected and suppressed errors, rerun with: -s
==30697== ERROR SUMMARY: 0 errors from 0 contexts (suppressed: 0 from 0)
